C51 COMPILER V9.60.7.0   MAIN1                                                             03/05/2025 09:14:00 PAGE 1   


C51 COMPILER V9.60.7.0, COMPILATION OF MODULE MAIN1
OBJECT MODULE PLACED IN .\Objects\main1.obj
COMPILER INVOKED BY: D:\KELIC\C51\BIN\C51.EXE main1.c OMF2 OPTIMIZE(8,SPEED) BROWSE DEBUG PRINT(.\Listings\main1.lst) TA
                    -BS(2) OBJECT(.\Objects\main1.obj)

line level    source

   1          #include <AT89x51.H>
   2          void delay_ms()
   3          {int i;
   4   1        for(i=0;i<5;i++)
   5   1      {
   6   2        TL0=0xB0;
   7   2        TH0=0x3C;
   8   2           while(TF0==0);
   9   2           TF0=0;
  10   2         }
  11   1          }
  12          void main()
  13          { TMOD=0x01;
  14   1        TR0=1;
  15   1        while (1)
  16   1        {
  17   2        P2_2=~P2_2;
  18   2        delay_ms();
  19   2        }
  20   1      }
  21            


MODULE INFORMATION:   STATIC OVERLAYABLE
   CODE SIZE        =     38    ----
   CONSTANT SIZE    =   ----    ----
   XDATA SIZE       =   ----    ----
   PDATA SIZE       =   ----    ----
   DATA SIZE        =   ----    ----
   IDATA SIZE       =   ----    ----
   BIT SIZE         =   ----    ----
   EDATA SIZE       =   ----    ----
   HDATA SIZE       =   ----    ----
   XDATA CONST SIZE =   ----    ----
   FAR CONST SIZE   =   ----    ----
END OF MODULE INFORMATION.


C51 COMPILATION COMPLETE.  0 WARNING(S),  0 ERROR(S)
